<?xml version="1.0" encoding="utf-8" standalone="no"?>
<!--This file represents the results of running a test suite-->
<test-results name="C:\svn3\MarkdownSharp\MarkdownSharpTests\bin\Release\MarkdownSharpTests.exe" total="38" failures="15" not-run="0" date="2009-12-25" time="03:29:48">
  <environment nunit-version="2.4.7.0" clr-version="2.0.50727.4927" os-version="Microsoft Windows NT 6.1.7600.0" platform="Win32NT" cwd="C:\svn3\MarkdownSharp\MarkdownSharpTests\bin\Release" machine-name="WUMPUS-HOME-X64" user="Jeff" user-domain="wumpus-home-x64" />
  <culture-info current-culture="en-US" current-uiculture="en-US" />
  <test-suite name="C:\svn3\MarkdownSharp\MarkdownSharpTests\bin\Release\MarkdownSharpTests.exe" success="False" time="0.729" asserts="0">
    <results>
      <test-suite name="MarkdownSharpTests" success="False" time="0.725" asserts="0">
        <results>
          <test-suite name="MDTestTests" success="False" time="0.699" asserts="0">
            <results>
              <test-case name="MarkdownSharpTests.MDTestTests.Amps_and_angle_encoding" executed="True" success="True" time="0.387" asserts="1" />
              <test-case name="MarkdownSharpTests.MDTestTests.Auto_Links" executed="True" success="True" time="0.010" asserts="1" />
              <test-case name="MarkdownSharpTests.MDTestTests.Backslash_escapes" executed="True" success="False" time="0.017" asserts="1">
                <failure>
                  <message><![CDATA[  Expected string length 1713 but was 1740. Strings differ at index 801.
  Expected: "...code></p>\n\n<p>Backtick: <code>\\`</code></p>\n\n<p>Asterisk: ..."
  But was:  "...code></p>\n\n<p>Backtick: <code> \\` </code></p>\n\n<p>Asterisk..."
  ----------------------------------------------^
]]></message>
                  <stack-trace><![CDATA[at MarkdownSharpTests.MDTestTests.Backslash_escapes() in C:\svn3\MarkdownSharp\MarkdownSharpTests\MDTestTests.cs:line 49
]]></stack-trace>
                </failure>
              </test-case>
              <test-case name="MarkdownSharpTests.MDTestTests.Blockquotes_with_code_blocks" executed="True" success="True" time="0.001" asserts="1" />
              <test-case name="MarkdownSharpTests.MDTestTests.Code_Blocks" executed="True" success="False" time="0.002" asserts="1">
                <failure>
                  <message><![CDATA[  Expected string length 312 but was 310. Strings differ at index 219.
  Expected: "...  \nall contain trailing spaces  \n</code></pre>\n\n<p>Regular..."
  But was:  "...  \nall contain trailing spaces\n</code></pre>\n\n<p>Regular T..."
  ---------------------------------------------^
]]></message>
                  <stack-trace><![CDATA[at MarkdownSharpTests.MDTestTests.Code_Blocks() in C:\svn3\MarkdownSharp\MarkdownSharpTests\MDTestTests.cs:line 65
]]></stack-trace>
                </failure>
              </test-case>
              <test-case name="MarkdownSharpTests.MDTestTests.Code_Spans" executed="True" success="False" time="0.001" asserts="1">
                <failure>
                  <message><![CDATA[  Expected string length 222 but was 235. Strings differ at index 124.
  Expected: "... within HTML tag: <span attr='`ticks`'>like this</span></p..."
  But was:  "... within HTML tag: <span attr='<code>ticks</code>'>like thi..."
  --------------------------------------------^
]]></message>
                  <stack-trace><![CDATA[at MarkdownSharpTests.MDTestTests.Code_Spans() in C:\svn3\MarkdownSharp\MarkdownSharpTests\MDTestTests.cs:line 73
]]></stack-trace>
                </failure>
              </test-case>
              <test-case name="MarkdownSharpTests.MDTestTests.Hard_wrapped_paragraphs_with_list_like_lines" executed="True" success="True" time="0.001" asserts="1" />
              <test-case name="MarkdownSharpTests.MDTestTests.Horizontal_rules" executed="True" success="False" time="0.002" asserts="1">
                <failure>
                  <message><![CDATA[  Expected string length 433 but was 553. Strings differ at index 17.
  Expected: "<p>Dashes:</p>\n\n<hr />\n\n<hr />\n\n<hr />\n\n<hr />\n\n<pre><code>--..."
  But was:  "<p>Dashes:</p>\n\n<p><hr></p>\n\n<p><hr></p>\n\n<p><hr></p>\n\n<p><hr..."
  ------------------------------^
]]></message>
                  <stack-trace><![CDATA[at MarkdownSharpTests.MDTestTests.Horizontal_rules() in C:\svn3\MarkdownSharp\MarkdownSharpTests\MDTestTests.cs:line 89
]]></stack-trace>
                </failure>
              </test-case>
              <test-case name="MarkdownSharpTests.MDTestTests.Images" executed="True" success="False" time="0.004" asserts="1">
                <failure>
                  <message><![CDATA[  Expected string length 682 but was 688. Strings differ at index 46.
  Expected: "...th/to/img.jpg" alt="Alt text" /></p>\n\n<p><img src="/path/t..."
  But was:  "...th/to/img.jpg" alt="Alt text" title=""></p>\n\n<p><img src="..."
  --------------------------------------------^
]]></message>
                  <stack-trace><![CDATA[at MarkdownSharpTests.MDTestTests.Images() in C:\svn3\MarkdownSharp\MarkdownSharpTests\MDTestTests.cs:line 97
]]></stack-trace>
                </failure>
              </test-case>
              <test-case name="MarkdownSharpTests.MDTestTests.Inline_HTML_Advanced" executed="True" success="False" time="0.005" asserts="1">
                <failure>
                  <message><![CDATA[  Expected string length 346 but was 349. Strings differ at index 50.
  Expected: "...ne line:</p>\n\n<div>foo</div>\n\n<p>And nested without indent..."
  But was:  "...ne line:</p>\n\n<div>foo</div>\n\nAnd nested without indentati..."
  ------------------------------------------------^
]]></message>
                  <stack-trace><![CDATA[at MarkdownSharpTests.MDTestTests.Inline_HTML_Advanced() in C:\svn3\MarkdownSharp\MarkdownSharpTests\MDTestTests.cs:line 105
]]></stack-trace>
                </failure>
              </test-case>
              <test-case name="MarkdownSharpTests.MDTestTests.Inline_HTML_comments" executed="True" success="True" time="0.002" asserts="1" />
              <test-case name="MarkdownSharpTests.MDTestTests.Inline_HTML_Simple" executed="True" success="False" time="0.002" asserts="1">
                <failure>
                  <message><![CDATA[  Expected string length 784 but was 832. Strings differ at index 121.
  Expected: "...:</p>\n\n<pre><code>&lt;div&gt;\n    foo\n&lt;/div&gt;\n</code>..."
  But was:  "...:</p>\n\n<pre><code>&lt;div&gt;\n\tfoo\n&lt;/div&gt;\n</code></p..."
  -----------------------------------------------^
]]></message>
                  <stack-trace><![CDATA[at MarkdownSharpTests.MDTestTests.Inline_HTML_Simple() in C:\svn3\MarkdownSharp\MarkdownSharpTests\MDTestTests.cs:line 121
]]></stack-trace>
                </failure>
              </test-case>
              <test-case name="MarkdownSharpTests.MDTestTests.Links_inline_style" executed="True" success="False" time="0.002" asserts="1">
                <failure>
                  <message><![CDATA[  Expected string length 828 but was 820. Strings differ at index 269.
  Expected: "...le</a>.</p>\n\n<p><a href="/url/" title="title has spaces af..."
  But was:  "...le</a>.</p>\n\n<p><a href="/url/ "title has spaces afterward..."
  ----------------------------------------------^
]]></message>
                  <stack-trace><![CDATA[at MarkdownSharpTests.MDTestTests.Links_inline_style() in C:\svn3\MarkdownSharp\MarkdownSharpTests\MDTestTests.cs:line 129
]]></stack-trace>
                </failure>
              </test-case>
              <test-case name="MarkdownSharpTests.MDTestTests.Links_reference_style" executed="True" success="False" time="0.003" asserts="1">
                <failure>
                  <message><![CDATA[  Expected string length 1125 but was 1067. Strings differ at index 409.
  Expected: "...>[four]: /url\n</code></pre>\n\n<hr />\n\n<p><a href="foo">this..."
  But was:  "...>[four]: /url\n</code></pre>\n\n<p><hr></p>\n\n<p><a href="foo"..."
  -----------------------------------------------^
]]></message>
                  <stack-trace><![CDATA[at MarkdownSharpTests.MDTestTests.Links_reference_style() in C:\svn3\MarkdownSharp\MarkdownSharpTests\MDTestTests.cs:line 137
]]></stack-trace>
                </failure>
              </test-case>
              <test-case name="MarkdownSharpTests.MDTestTests.Links_shortcut_references" executed="True" success="False" time="0.001" asserts="1">
                <failure>
                  <message><![CDATA[  Expected string length 256 but was 183. Strings differ at index 15.
  Expected: "<p>This is the <a href="/simple">simple case</a>.</p>\n\n<p>Thi..."
  But was:  "<p>This is the [simple case].</p>\n\n<p>This one has a [line\nbr..."
  --------------------------^
]]></message>
                  <stack-trace><![CDATA[at MarkdownSharpTests.MDTestTests.Links_shortcut_references() in C:\svn3\MarkdownSharp\MarkdownSharpTests\MDTestTests.cs:line 145
]]></stack-trace>
                </failure>
              </test-case>
              <test-case name="MarkdownSharpTests.MDTestTests.Literal_quotes_in_titles" executed="True" success="True" time="0.001" asserts="1" />
              <test-case name="MarkdownSharpTests.MDTestTests.Markdown_Documentation_Basics" executed="True" success="True" time="0.018" asserts="1" />
              <test-case name="MarkdownSharpTests.MDTestTests.Markdown_Documentation_Syntax" executed="True" success="False" time="0.060" asserts="1">
                <failure>
                  <message><![CDATA[  Expected string length 31785 but was 31803. Strings differ at index 1583.
  Expected: "...'.text' to the URL</a>.</p>\n\n<hr />\n\n<h2 id="overview">Ove..."
  But was:  "...'.text' to the URL</a>.</p>\n\n<p><hr></p>\n\n<h2 id="overview..."
  ----------------------------------------------^
]]></message>
                  <stack-trace><![CDATA[at MarkdownSharpTests.MDTestTests.Markdown_Documentation_Syntax() in C:\svn3\MarkdownSharp\MarkdownSharpTests\MDTestTests.cs:line 169
]]></stack-trace>
                </failure>
              </test-case>
              <test-case name="MarkdownSharpTests.MDTestTests.Nested_blockquotes" executed="True" success="True" time="0.001" asserts="1" />
              <test-case name="MarkdownSharpTests.MDTestTests.Ordered_and_unordered_lists" executed="True" success="False" time="0.004" asserts="1">
                <failure>
                  <message><![CDATA[  Expected string length 1701 but was 1719. Strings differ at index 236.
  Expected: "...p>asterisk 3</p></li>\n</ul>\n\n<hr />\n\n<p>Pluses tight:</p>\n..."
  But was:  "...p>asterisk 3</p></li>\n</ul>\n\n<p><hr></p>\n\n<p>Pluses tight:..."
  -----------------------------------------------^
]]></message>
                  <stack-trace><![CDATA[at MarkdownSharpTests.MDTestTests.Ordered_and_unordered_lists() in C:\svn3\MarkdownSharp\MarkdownSharpTests\MDTestTests.cs:line 185
]]></stack-trace>
                </failure>
              </test-case>
              <test-case name="MarkdownSharpTests.MDTestTests.Strong_and_em_together" executed="True" success="False" time="0.001" asserts="1">
                <failure>
                  <message><![CDATA[  Expected string length 215 but was 187. Strings differ at index 11.
  Expected: "<p><strong><em>This is strong and em.</em></strong></p>\n\n<p>S..."
  But was:  "<p><strong>*This is strong and em.*</strong></p>\n\n<p>So is <s..."
  ----------------------^
]]></message>
                  <stack-trace><![CDATA[at MarkdownSharpTests.MDTestTests.Strong_and_em_together() in C:\svn3\MarkdownSharp\MarkdownSharpTests\MDTestTests.cs:line 193
]]></stack-trace>
                </failure>
              </test-case>
              <test-case name="MarkdownSharpTests.MDTestTests.Tabs" executed="True" success="False" time="0.001" asserts="1">
                <failure>
                  <message><![CDATA[  Expected string length 439 but was 431. Strings differ at index 227.
  Expected: "...pre>\n\n<p>And:</p>\n\n<pre><code>    this code block is inden..."
  But was:  "...pre>\n\n<p>And:</p>\n\n<pre><code>\tthis code block is indented..."
  ------------------------------------------------^
]]></message>
                  <stack-trace><![CDATA[at MarkdownSharpTests.MDTestTests.Tabs() in C:\svn3\MarkdownSharp\MarkdownSharpTests\MDTestTests.cs:line 201
]]></stack-trace>
                </failure>
              </test-case>
              <test-case name="MarkdownSharpTests.MDTestTests.Tidyness" executed="True" success="False" time="0.002" asserts="1">
                <failure>
                  <message><![CDATA[  Expected string length 133 but was 148. Strings differ at index 13.
  Expected: "<blockquote>\n<p>A list within a blockquote:</p>\n<ul>\n<li>aste..."
  But was:  "<blockquote>\n  <p>A list within a blockquote:</p>\n  \n  <ul>\n ..."
  -------------------------^
]]></message>
                  <stack-trace><![CDATA[at MarkdownSharpTests.MDTestTests.Tidyness() in C:\svn3\MarkdownSharp\MarkdownSharpTests\MDTestTests.cs:line 209
]]></stack-trace>
                </failure>
              </test-case>
            </results>
          </test-suite>
          <test-suite name="SimpleTests" success="True" time="0.008" asserts="0">
            <results>
              <test-case name="MarkdownSharpTests.SimpleTests.Blockquote" executed="True" success="True" time="0.001" asserts="1" />
              <test-case name="MarkdownSharpTests.SimpleTests.Bold" executed="True" success="True" time="0.000" asserts="1" />
              <test-case name="MarkdownSharpTests.SimpleTests.BulletList" executed="True" success="True" time="0.001" asserts="1" />
              <test-case name="MarkdownSharpTests.SimpleTests.CodeBlock" executed="True" success="True" time="0.000" asserts="1" />
              <test-case name="MarkdownSharpTests.SimpleTests.CodeSpan" executed="True" success="True" time="0.000" asserts="1" />
              <test-case name="MarkdownSharpTests.SimpleTests.Header1" executed="True" success="True" time="0.000" asserts="1" />
              <test-case name="MarkdownSharpTests.SimpleTests.Header2" executed="True" success="True" time="0.000" asserts="1" />
              <test-case name="MarkdownSharpTests.SimpleTests.HtmlPassthrough" executed="True" success="True" time="0.001" asserts="1" />
              <test-case name="MarkdownSharpTests.SimpleTests.Image" executed="True" success="True" time="0.001" asserts="1" />
              <test-case name="MarkdownSharpTests.SimpleTests.Italic" executed="True" success="True" time="0.000" asserts="1" />
              <test-case name="MarkdownSharpTests.SimpleTests.Link" executed="True" success="True" time="0.001" asserts="1" />
              <test-case name="MarkdownSharpTests.SimpleTests.LinkAlt" executed="True" success="True" time="0.000" asserts="1" />
              <test-case name="MarkdownSharpTests.SimpleTests.LinkBare" executed="True" success="True" time="0.000" asserts="1" />
              <test-case name="MarkdownSharpTests.SimpleTests.LinkBracket" executed="True" success="True" time="0.000" asserts="1" />
              <test-case name="MarkdownSharpTests.SimpleTests.NumberList" executed="True" success="True" time="0.001" asserts="1" />
            </results>
          </test-suite>
        </results>
      </test-suite>
    </results>
  </test-suite>
</test-results>